D, [2018-06-29T13:46:00.149884 #38818] DEBUG -- :   [1m[35m (0.4ms)[0m  [1m[34mSELECT sqlite_version(*)[0m
D, [2018-06-29T13:46:00.152454 #38818] DEBUG -- :   [1m[35m (2.4ms)[0m  [1m[35mCREATE TABLE "schema_migrations" ("version" varchar NOT NULL PRIMARY KEY)[0m
D, [2018-06-29T13:46:00.156193 #38818] DEBUG -- :   [1m[35m (1.0ms)[0m  [1m[35mCREATE TABLE "ar_internal_metadata" ("key" varchar NOT NULL PRIMARY KEY, "value" varchar, "created_at" datetime NOT NULL, "updated_at" datetime NOT NULL)[0m
D, [2018-06-29T13:46:00.169398 #38818] DEBUG -- :   [1m[35m (0.2ms)[0m  [1m[34mSELECT "schema_migrations"."version" FROM "schema_migrations" ORDER BY "schema_migrations"."version" ASC[0m
I, [2018-06-29T13:46:00.169546 #38818]  INFO -- : Migrating to CreateResources (20180430132625)
D, [2018-06-29T13:46:00.172942 #38818] DEBUG -- :   [1m[35m (0.1ms)[0m  [1m[36mbegin transaction[0m
D, [2018-06-29T13:46:00.174670 #38818] DEBUG -- :   [1m[35m (0.8ms)[0m  [1m[35mCREATE TABLE "resources" ("id" INTEGER PRIMARY KEY AUTOINCREMENT NOT NULL, "filename" varchar, "content_type" varchar, "data" blob, "created_at" datetime NOT NULL, "updated_at" datetime NOT NULL)[0m
D, [2018-06-29T13:46:00.178660 #38818] DEBUG -- :   [1m[35mSQL (0.3ms)[0m  [1m[32mINSERT INTO "schema_migrations" ("version") VALUES (?)[0m  [["version", "20180430132625"]]
D, [2018-06-29T13:46:00.180168 #38818] DEBUG -- :   [1m[35m (1.0ms)[0m  [1m[36mcommit transaction[0m
I, [2018-06-29T13:46:00.180312 #38818]  INFO -- : Migrating to AddTypeOfResource (20180430221654)
D, [2018-06-29T13:46:00.181128 #38818] DEBUG -- :   [1m[35m (0.1ms)[0m  [1m[36mbegin transaction[0m
D, [2018-06-29T13:46:00.182349 #38818] DEBUG -- :   [1m[35m (0.7ms)[0m  [1m[35mALTER TABLE "resources" ADD "type_of_resource" varchar[0m
D, [2018-06-29T13:46:00.184091 #38818] DEBUG -- :   [1m[35mSQL (0.3ms)[0m  [1m[32mINSERT INTO "schema_migrations" ("version") VALUES (?)[0m  [["version", "20180430221654"]]
D, [2018-06-29T13:46:00.186135 #38818] DEBUG -- :   [1m[35m (1.0ms)[0m  [1m[36mcommit transaction[0m
I, [2018-06-29T13:46:00.186303 #38818]  INFO -- : Migrating to Description (20180511130659)
D, [2018-06-29T13:46:00.187349 #38818] DEBUG -- :   [1m[35m (0.1ms)[0m  [1m[36mbegin transaction[0m
D, [2018-06-29T13:46:00.189691 #38818] DEBUG -- :   [1m[35m (1.2ms)[0m  [1m[35mALTER TABLE "resources" ADD "description" varchar[0m
D, [2018-06-29T13:46:00.191135 #38818] DEBUG -- :   [1m[35mSQL (0.2ms)[0m  [1m[32mINSERT INTO "schema_migrations" ("version") VALUES (?)[0m  [["version", "20180511130659"]]
D, [2018-06-29T13:46:00.193079 #38818] DEBUG -- :   [1m[35m (1.7ms)[0m  [1m[36mcommit transaction[0m
I, [2018-06-29T13:46:00.193293 #38818]  INFO -- : Migrating to AddBasename (20180513224653)
D, [2018-06-29T13:46:00.194372 #38818] DEBUG -- :   [1m[35m (0.1ms)[0m  [1m[36mbegin transaction[0m
D, [2018-06-29T13:46:00.196019 #38818] DEBUG -- :   [1m[35m (1.0ms)[0m  [1m[35mALTER TABLE "resources" ADD "basename" varchar[0m
D, [2018-06-29T13:46:00.200204 #38818] DEBUG -- :   [1m[35mSQL (0.4ms)[0m  [1m[32mINSERT INTO "schema_migrations" ("version") VALUES (?)[0m  [["version", "20180513224653"]]
D, [2018-06-29T13:46:00.202210 #38818] DEBUG -- :   [1m[35m (1.6ms)[0m  [1m[36mcommit transaction[0m
D, [2018-06-29T13:46:00.206683 #38818] DEBUG -- :   [1m[36mActiveRecord::InternalMetadata Load (0.6ms)[0m  [1m[34mSELECT  "ar_internal_metadata".* FROM "ar_internal_metadata" WHERE "ar_internal_metadata"."key" = ? LIMIT ?[0m  [["key", "environment"], ["LIMIT", 1]]
D, [2018-06-29T13:46:00.227921 #38818] DEBUG -- :   [1m[35m (0.1ms)[0m  [1m[36mbegin transaction[0m
D, [2018-06-29T13:46:00.234579 #38818] DEBUG -- :   [1m[35mSQL (0.5ms)[0m  [1m[32mINSERT INTO "ar_internal_metadata" ("key", "value", "created_at", "updated_at") VALUES (?, ?, ?, ?)[0m  [["key", "environment"], ["value", "production"], ["created_at", "2018-06-29 17:46:00.228500"], ["updated_at", "2018-06-29 17:46:00.228500"]]
D, [2018-06-29T13:46:00.239090 #38818] DEBUG -- :   [1m[35m (4.1ms)[0m  [1m[36mcommit transaction[0m
